<?xml version="1.0" encoding="UTF-8"?><testsuite errors="0" failures="1" name="TestCases.DatePicker.DP_TC2" skipped="0" tests="1" time="0.0" timestamp="2018-02-23T16:48:52.013207+03:00[Europe/Moscow]"><testcase classname="TestCases.DatePicker.DP_TC2" name="Initialisation"><failure message="The page object class UI.PageObjects.DatePickerPage looks dodgy:&#10;Failed to instantiate page (java.lang.ClassCastException: net.thucydides.core.webdriver.WebDriverFacade cannot be cast to io.appium.java_client.ios.IOSDriver)" type="net.thucydides.core.pages.WrongPageError">The page object class UI.PageObjects.DatePickerPage looks dodgy:
Failed to instantiate page (java.lang.ClassCastException: net.thucydides.core.webdriver.WebDriverFacade cannot be cast to io.appium.java_client.ios.IOSDriver)</failure><system-err>The page object class UI.PageObjects.DatePickerPage looks dodgy:
Failed to instantiate page (java.lang.ClassCastException: net.thucydides.core.webdriver.WebDriverFacade cannot be cast to io.appium.java_client.ios.IOSDriver)
</system-err></testcase></testsuite>