<?xml version="1.0" encoding="UTF-8"?><testsuite errors="0" failures="1" name="TestCases.Buttons.B_TC1" skipped="0" tests="1" time="0.0" timestamp="2018-02-22T18:13:01.074254+03:00[Europe/Moscow]"><testcase classname="TestCases.Buttons.B_TC1" name="Initialisation"><failure message="The page object class UI.PageObjects.StartPage looks dodgy:&#10;Failed to instantiate page (net.thucydides.core.webdriver.UnsupportedDriverException: Could not instantiate class io.appium.java_client.AppiumDriver)" type="net.thucydides.core.pages.WrongPageError">The page object class UI.PageObjects.StartPage looks dodgy:
Failed to instantiate page (net.thucydides.core.webdriver.UnsupportedDriverException: Could not instantiate class io.appium.java_client.AppiumDriver)</failure><system-err>The page object class UI.PageObjects.StartPage looks dodgy:
Failed to instantiate page (net.thucydides.core.webdriver.UnsupportedDriverException: Could not instantiate class io.appium.java_client.AppiumDriver)
</system-err></testcase></testsuite>